<?xml version="1.0" encoding="UTF-8"?>
<!-- Generated by org.testng.reporters.JUnitReportReporter -->
<testsuite hostname="DESKTOP-F5HE4E2" failures="0" tests="1" name="test.JSONSchemaValidator" time="1.906" errors="0" timestamp="2024-09-11T21:15:22 IST" skipped="0">
  <testcase classname="test.JSONSchemaValidator" name="testGet" time="1.906"/>
</testsuite> <!-- test.JSONSchemaValidator -->
