<?xml version="1.0" encoding="UTF-8"?>
<!-- Generated by org.testng.reporters.JUnitReportReporter -->
<testsuite hostname="DESKTOP-F5HE4E2" failures="0" tests="2" name="demo.TestGetAndPost" time="3.030" errors="0" timestamp="2024-09-09T21:18:12 IST" skipped="0">
  <testcase classname="demo.TestGetAndPost" name="testPost" time="0.610"/>
  <testcase classname="demo.TestGetAndPost" name="testGet" time="2.420"/>
</testsuite> <!-- demo.TestGetAndPost -->
