<?xml version="1.0" encoding="UTF-8"?>
<!-- Generated by org.testng.reporters.JUnitReportReporter -->
<testsuite hostname="DESKTOP-F5HE4E2" failures="0" tests="2" name="test.TestOnLocal" time="1.149" errors="0" timestamp="2024-09-10T23:20:05 IST" skipped="0">
  <testcase classname="test.TestOnLocal" name="postData" time="0.058"/>
  <testcase classname="test.TestOnLocal" name="getData" time="1.091"/>
</testsuite> <!-- test.TestOnLocal -->
