<?xml version="1.0" encoding="UTF-8"?>
<!-- Generated by org.testng.reporters.JUnitReportReporter -->
<testsuite hostname="DESKTOP-F5HE4E2" failures="0" tests="4" name="demo.FirstTest" time="2.784" errors="0" timestamp="2024-09-09T20:35:35 IST" skipped="0">
  <testcase classname="demo.FirstTest" name="test_4" time="0.633"/>
  <testcase classname="demo.FirstTest" name="test_1" time="1.458"/>
  <testcase classname="demo.FirstTest" name="test_2" time="0.629"/>
  <testcase classname="demo.FirstTest" name="test_3" time="0.064"/>
</testsuite> <!-- demo.FirstTest -->
