<?xml version="1.0" encoding="UTF-8"?>
<!-- Generated by org.testng.reporters.JUnitReportReporter -->
<testsuite hostname="DESKTOP-F5HE4E2" failures="0" tests="3" name="demo.TestPutPatchDelete" time="2.977" errors="0" timestamp="2024-09-09T21:42:26 IST" skipped="0">
  <testcase classname="demo.TestPutPatchDelete" name="testPut" time="0.435"/>
  <testcase classname="demo.TestPutPatchDelete" name="testDelete" time="1.998"/>
  <testcase classname="demo.TestPutPatchDelete" name="testPatch" time="0.544"/>
</testsuite> <!-- demo.TestPutPatchDelete -->
